


ARM Macro Assembler    Page 1 


    1 00000000                 AREA             text, CODE, READONLY
    2 00000000                 EXPORT           asm_math
    3 00000000         
    4 00000000         ; function asm_math
    5 00000000         ; inputs:
    6 00000000         ; -------
    7 00000000         ; R0: input array of FIR values
    8 00000000         ; R1: output array containing RMS, max/min value/index
    9 00000000         ; R2: input array length
   10 00000000         
   11 00000000         ; R3: counter value i
   12 00000000         ; R4: RMS value
   13 00000000         
   14 00000000         ; S0: intermediate RMS register
   15 00000000         ; S1: max value
   16 00000000         ; S2: min value
   17 00000000         ; S3: input array length
   18 00000000         ; S4: RMS value
   19 00000000         ; S5: max index
   20 00000000         ; S6: min index
   21 00000000         
   22 00000000         asm_math
   23 00000000         
   24 00000000 B510            PUSH{R4,         LR}
   25 00000002         
   26 00000002 F04F 0300       LDR              R3, =0      ;initialize int i t
                                                            o 0
   27 00000006 F04F 0400       LDR              R4, =0      ;initalize rms valu
                                                            e to 0
   28 0000000A         
   29 0000000A EDD0 0A00       VLDR.f32         S1, [R0]    ;initialize max val
                                                            ue output
   30 0000000E ED90 1A00       VLDR.f32         S2, [R0]    ;initialize min val
                                                            ue output
   31 00000012 EE01 2A90       FMSR             S3, R2      ;save length of arr
                                                            ay into FP register
                                                            
   32 00000016 EEF8 1AE1       FSITOS           S3, S3      ;convert int to FP
   33 0000001A         
   34 0000001A         loop
   35 0000001A         
   36 0000001A EB00 0483       ADD              R4, R0, R3, LSL #2 ; access inp
                                                            utVector[i] by shif
                                                            ting 2^i bytes on b
                                                            ase address
   37 0000001E ED94 0A00       VLDR.f32         S0, [R4]
   38 00000022         ;RMS calculation
   39 00000022 EEA0 2A00       VFMA.f32         S4, S0, S0  ;square input value
                                                             and add to sum
   40 00000026         
   41 00000026 2B01            CMP              R3, #1      ;compare i with 1 t
                                                            o determine if it i
                                                            s in first index
   42 00000028 BFB8 3301       ADDLT            R3, #1
   43 0000002C DBF5            BLT              loop        ;if in first index,
                                                             branch to loop
   44 0000002E         ;only reach here if after first iteration
   45 0000002E         
   46 0000002E         ;SUB R3, #1  ;de-increment the i value by 1



ARM Macro Assembler    Page 2 


   47 0000002E         
   48 0000002E EEB4 0A41       VCMP.f32         S0, S2      ;compare the curren
                                                            t index with the mi
                                                            n
   49 00000032 EEF1 FA10       VMRS             APSR_nzcv, FPSCR ; ;check FP fl
                                                            ag for branching
   50 00000036 BFB8 F000 
              F823             BLLT             min_loop
   51 0000003C         
   52 0000003C EEB4 0A60       VCMP.f32         S0, S1      ;compare the curren
                                                            t index with the ma
                                                            x
   53 00000040 EEF1 FA10       VMRS             APSR_nzcv, FPSCR ;check FP flag
                                                             for branching
   54 00000044 BFC8 F000 
              F815             BLGT             max_loop
   55 0000004A         
   56 0000004A F103 0301       ADD              R3, #1
   57 0000004E 4293            CMP              R3, R2      ;compare i to the l
                                                            ength of the input 
                                                            array
   58 00000050 DBE3            BLT              loop        ;if i is less than 
                                                            length, re-loop
   59 00000052         
   60 00000052 EE82 2A21       VDIV.f32         S4, S4, S3  ;divide sum of squa
                                                            res by the length o
                                                            f array
   61 00000056 EEB1 2AC2       VSQRT.f32        S4, S4
   62 0000005A         
   63 0000005A         ;store in output array
   64 0000005A ED81 2A00       VSTR.f32         S4, [R1, #0]
   65 0000005E EDC1 0A01       VSTR.f32         S1, [R1, #4]
   66 00000062 EDC1 2A02       VSTR.f32         S5, [R1, #8]
   67 00000066 ED81 1A03       VSTR.f32         S2, [R1, #12]
   68 0000006A ED81 3A04       VSTR.f32         S6, [R1, #16]
   69 0000006E E8BD 4010       POP{R4,          LR}
   70 00000072 4770            BX               LR
   71 00000074         
   72 00000074         max_loop
   73 00000074 EEF0 0A40       VMOV.f32         S1, S0      ;save max value int
                                                            o register
   74 00000078 EE02 3A90       FMSR             S5, R3      ;save max index int
                                                            o register
   75 0000007C EEF8 2AE2       FSITOS           S5, S5      ;convert int to FP
   76 00000080 4770            BX               LR
   77 00000082         
   78 00000082         min_loop
   79 00000082 EEB0 1A40       VMOV.f32         S2, S0      ;save min value int
                                                            o register
   80 00000086 EE03 3A10       FMSR             S6, R3      ;save min index int
                                                            o register
   81 0000008A EEB8 3AC3       FSITOS           S6, S6      ;convert int to FP
   82 0000008E 4770            BX               LR
   83 00000090         
   84 00000090                 END
Command Line: --debug --xref --diag_suppress=9931 --cpu=Cortex-M4.fp --apcs=int
erwork --depend=.\objects\assembly.d -o.\objects\assembly.o -I.\RTE\_Target_1 -
IC:\Keil_v5\ARM\PACK\ARM\CMSIS\5.0.0\CMSIS\Include -IC:\Keil_v5\ARM\PACK\Keil\S
TM32F4xx_DFP\2.7.0\Drivers\CMSIS\Device\ST\STM32F4xx\Include --predefine="__EVA



ARM Macro Assembler    Page 3 


L SETA 1" --predefine="__UVISION_VERSION SETA 524" --predefine="_RTE_ SETA 1" -
-predefine="STM32F407xx SETA 1" --list=.\listings\assembly.lst Assembly.s



ARM Macro Assembler    Page 1 Alphabetic symbol ordering
Relocatable symbols

asm_math 00000000

Symbol: asm_math
   Definitions
      At line 22 in file Assembly.s
   Uses
      At line 2 in file Assembly.s
Comment: asm_math used once
loop 0000001A

Symbol: loop
   Definitions
      At line 34 in file Assembly.s
   Uses
      At line 43 in file Assembly.s
      At line 58 in file Assembly.s

max_loop 00000074

Symbol: max_loop
   Definitions
      At line 72 in file Assembly.s
   Uses
      At line 54 in file Assembly.s
Comment: max_loop used once
min_loop 00000082

Symbol: min_loop
   Definitions
      At line 78 in file Assembly.s
   Uses
      At line 50 in file Assembly.s
Comment: min_loop used once
text 00000000

Symbol: text
   Definitions
      At line 1 in file Assembly.s
   Uses
      None
Comment: text unused
5 symbols
340 symbols in table
